# JRE version: Java(TM) SE Runtime Environment (8.0_333-b02) (build 1.8.0_333-b02)
# Java VM: Java HotSpot(TM) 64-Bit Server VM (25.333-b02 mixed mode bsd-amd64 compressed oops)
Heap:
 PSYoungGen      total 1841664K, used 624238K [0x0000000715580000, 0x00000007a9880000, 0x00000007c0000000)
  eden space 1773056K, 31% used [0x0000000715580000,0x000000073741ceb8,0x0000000781900000)
  from space 68608K, 99% used [0x0000000789300000,0x000000078d5fe960,0x000000078d600000)
  to   space 124928K, 0% used [0x0000000781900000,0x0000000781900000,0x0000000789300000)
 ParOldGen       total 673280K, used 199577K [0x00000005c0000000, 0x00000005e9180000, 0x0000000715580000)
  object space 673280K, 29% used [0x00000005c0000000,0x00000005cc2e6788,0x00000005e9180000)
 Metaspace       used 155205K, capacity 162180K, committed 162432K, reserved 1191936K
  class space    used 19320K, capacity 20751K, committed 20864K, reserved 1048576K
GC Heap History (10 events):
Event: 70.754 GC heap before
{Heap before GC invocations=23 (full 4):
 PSYoungGen      total 1631744K, used 1591533K [0x0000000715580000, 0x000000077d780000, 0x00000007c0000000)
  eden space 1576960K, 100% used [0x0000000715580000,0x0000000775980000,0x0000000775980000)
  from space 54784K, 26% used [0x000000077a200000,0x000000077b03b440,0x000000077d780000)
  to   space 64512K, 0% used [0x0000000775980000,0x0000000775980000,0x0000000779880000)
 ParOldGen       total 673280K, used 126581K [0x00000005c0000000, 0x00000005e9180000, 0x0000000715580000)
  object space 673280K, 18% used [0x00000005c0000000,0x00000005c7b9d738,0x00000005e9180000)
 Metaspace       used 135177K, capacity 141434K, committed 141568K, reserved 1173504K
  class space    used 17081K, capacity 18364K, committed 18432K, reserved 1048576K
Event: 70.780 GC heap after
Heap after GC invocations=23 (full 4):
 PSYoungGen      total 1641472K, used 45450K [0x0000000715580000, 0x000000078dd00000, 0x00000007c0000000)
  eden space 1576960K, 0% used [0x0000000715580000,0x0000000715580000,0x0000000775980000)
  from space 64512K, 70% used [0x0000000775980000,0x00000007785e2a70,0x0000000779880000)
  to   space 67584K, 0% used [0x0000000789b00000,0x0000000789b00000,0x000000078dd00000)
 ParOldGen       total 673280K, used 128627K [0x00000005c0000000, 0x00000005e9180000, 0x0000000715580000)
  object space 673280K, 19% used [0x00000005c0000000,0x00000005c7d9cf78,0x00000005e9180000)
 Metaspace       used 135177K, capacity 141434K, committed 141568K, reserved 1173504K
  class space    used 17081K, capacity 18364K, committed 18432K, reserved 1048576K
}
Event: 72.555 GC heap before
{Heap before GC invocations=24 (full 4):
 PSYoungGen      total 1641472K, used 1622410K [0x0000000715580000, 0x000000078dd00000, 0x00000007c0000000)
  eden space 1576960K, 100% used [0x0000000715580000,0x0000000775980000,0x0000000775980000)
  from space 64512K, 70% used [0x0000000775980000,0x00000007785e2a70,0x0000000779880000)
  to   space 67584K, 0% used [0x0000000789b00000,0x0000000789b00000,0x000000078dd00000)
 ParOldGen       total 673280K, used 128627K [0x00000005c0000000, 0x00000005e9180000, 0x0000000715580000)
  object space 673280K, 19% used [0x00000005c0000000,0x00000005c7d9cf78,0x00000005e9180000)
 Metaspace       used 142925K, capacity 149224K, committed 149376K, reserved 1179648K
  class space    used 18001K, capacity 19279K, committed 19328K, reserved 1048576K
Event: 72.581 GC heap after
Heap after GC invocations=24 (full 4):
 PSYoungGen      total 1893888K, used 47835K [0x0000000715580000, 0x000000078da00000, 0x00000007c0000000)
  eden space 1829376K, 0% used [0x0000000715580000,0x0000000715580000,0x0000000785000000)
  from space 64512K, 74% used [0x0000000789b00000,0x000000078c9b6e28,0x000000078da00000)
  to   space 70656K, 0% used [0x0000000785000000,0x0000000785000000,0x0000000789500000)
 ParOldGen       total 673280K, used 128635K [0x00000005c0000000, 0x00000005e9180000, 0x0000000715580000)
  object space 673280K, 19% used [0x00000005c0000000,0x00000005c7d9ef78,0x00000005e9180000)
 Metaspace       used 142925K, capacity 149224K, committed 149376K, reserved 1179648K
  class space    used 18001K, capacity 19279K, committed 19328K, reserved 1048576K
}
Event: 230.605 GC heap before
{Heap before GC invocations=25 (full 4):
 PSYoungGen      total 1893888K, used 433272K [0x0000000715580000, 0x000000078da00000, 0x00000007c0000000)
  eden space 1829376K, 21% used [0x0000000715580000,0x000000072cde73f0,0x0000000785000000)
  from space 64512K, 74% used [0x0000000789b00000,0x000000078c9b6e28,0x000000078da00000)
  to   space 70656K, 0% used [0x0000000785000000,0x0000000785000000,0x0000000789500000)
 ParOldGen       total 673280K, used 128635K [0x00000005c0000000, 0x00000005e9180000, 0x0000000715580000)
  object space 673280K, 19% used [0x00000005c0000000,0x00000005c7d9ef78,0x00000005e9180000)
 Metaspace       used 147081K, capacity 153874K, committed 154240K, reserved 1183744K
  class space    used 18342K, capacity 19718K, committed 19840K, reserved 1048576K
Event: 230.621 GC heap after
Heap after GC invocations=25 (full 4):
 PSYoungGen      total 1850368K, used 20863K [0x0000000715580000, 0x000000078d600000, 0x00000007c0000000)
  eden space 1829376K, 0% used [0x0000000715580000,0x0000000715580000,0x0000000785000000)
  from space 20992K, 99% used [0x0000000785000000,0x000000078645fec8,0x0000000786480000)
  to   space 68608K, 0% used [0x0000000789300000,0x0000000789300000,0x000000078d600000)
 ParOldGen       total 673280K, used 128643K [0x00000005c0000000, 0x00000005e9180000, 0x0000000715580000)
  object space 673280K, 19% used [0x00000005c0000000,0x00000005c7da0f78,0x00000005e9180000)
 Metaspace       used 147081K, capacity 153874K, committed 154240K, reserved 1183744K
  class space    used 18342K, capacity 19718K, committed 19840K, reserved 1048576K
}
Event: 230.621 GC heap before
{Heap before GC invocations=26 (full 5):
 PSYoungGen      total 1850368K, used 20863K [0x0000000715580000, 0x000000078d600000, 0x00000007c0000000)
  eden space 1829376K, 0% used [0x0000000715580000,0x0000000715580000,0x0000000785000000)
  from space 20992K, 99% used [0x0000000785000000,0x000000078645fec8,0x0000000786480000)
  to   space 68608K, 0% used [0x0000000789300000,0x0000000789300000,0x000000078d600000)
 ParOldGen       total 673280K, used 128643K [0x00000005c0000000, 0x00000005e9180000, 0x0000000715580000)
  object space 673280K, 19% used [0x00000005c0000000,0x00000005c7da0f78,0x00000005e9180000)
 Metaspace       used 147081K, capacity 153874K, committed 154240K, reserved 1183744K
  class space    used 18342K, capacity 19718K, committed 19840K, reserved 1048576K
Event: 230.955 GC heap after
Heap after GC invocations=26 (full 5):
 PSYoungGen      total 1850368K, used 0K [0x0000000715580000, 0x000000078d600000, 0x00000007c0000000)
  eden space 1829376K, 0% used [0x0000000715580000,0x0000000715580000,0x0000000785000000)
  from space 20992K, 0% used [0x0000000785000000,0x0000000785000000,0x0000000786480000)
  to   space 68608K, 0% used [0x0000000789300000,0x0000000789300000,0x000000078d600000)
 ParOldGen       total 673280K, used 75757K [0x00000005c0000000, 0x00000005e9180000, 0x0000000715580000)
  object space 673280K, 11% used [0x00000005c0000000,0x00000005c49fb418,0x00000005e9180000)
 Metaspace       used 146999K, capacity 153750K, committed 154240K, reserved 1183744K
  class space    used 18332K, capacity 19684K, committed 19840K, reserved 1048576K
}
Event: 232.434 GC heap before
{Heap before GC invocations=27 (full 5):
 PSYoungGen      total 1850368K, used 1829376K [0x0000000715580000, 0x000000078d600000, 0x00000007c0000000)
  eden space 1829376K, 100% used [0x0000000715580000,0x0000000785000000,0x0000000785000000)
  from space 20992K, 0% used [0x0000000785000000,0x0000000785000000,0x0000000786480000)
  to   space 68608K, 0% used [0x0000000789300000,0x0000000789300000,0x000000078d600000)
 ParOldGen       total 673280K, used 75757K [0x00000005c0000000, 0x00000005e9180000, 0x0000000715580000)
  object space 673280K, 11% used [0x00000005c0000000,0x00000005c49fb418,0x00000005e9180000)
 Metaspace       used 147007K, capacity 153750K, committed 154240K, reserved 1183744K
  class space    used 18333K, capacity 19684K, committed 19840K, reserved 1048576K
Event: 232.514 GC heap after
Heap after GC invocations=27 (full 5):
 PSYoungGen      total 1841664K, used 68602K [0x0000000715580000, 0x00000007a9880000, 0x00000007c0000000)
  eden space 1773056K, 0% used [0x0000000715580000,0x0000000715580000,0x0000000781900000)
  from space 68608K, 99% used [0x0000000789300000,0x000000078d5fe960,0x000000078d600000)
  to   space 124928K, 0% used [0x0000000781900000,0x0000000781900000,0x0000000789300000)
 ParOldGen       total 673280K, used 199577K [0x00000005c0000000, 0x00000005e9180000, 0x0000000715580000)
  object space 673280K, 29% used [0x00000005c0000000,0x00000005cc2e6788,0x00000005e9180000)
 Metaspace       used 147007K, capacity 153750K, committed 154240K, reserved 1183744K
  class space    used 18333K, capacity 19684K, committed 19840K, reserved 1048576K
}

