# JRE version: Java(TM) SE Runtime Environment (8.0_281-b09) (build 1.8.0_281-b09)
# Java VM: Java HotSpot(TM) 64-Bit Server VM (25.281-b09 mixed mode bsd-amd64 compressed oops)
Heap:
 PSYoungGen      total 2509312K, used 474689K [0x0000000715580000, 0x00000007c0000000, 0x00000007c0000000)
  eden space 2295296K, 11% used [0x0000000715580000,0x00000007258676d0,0x00000007a1700000)
  from space 214016K, 97% used [0x00000007b2e00000,0x00000007bfaa8d38,0x00000007bff00000)
  to   space 250368K, 0% used [0x00000007a1700000,0x00000007a1700000,0x00000007b0b80000)
 ParOldGen       total 484352K, used 128188K [0x00000005c0000000, 0x00000005dd900000, 0x0000000715580000)
  object space 484352K, 26% used [0x00000005c0000000,0x00000005c7d2f3e8,0x00000005dd900000)
 Metaspace       used 226822K, capacity 231804K, committed 232344K, reserved 1251328K
  class space    used 29598K, capacity 30506K, committed 30632K, reserved 1048576K
GC Heap History (10 events):
Event: 607.655 GC heap before
{Heap before GC invocations=37 (full 8):
 PSYoungGen      total 2327552K, used 2138112K [0x0000000715580000, 0x00000007af380000, 0x00000007c0000000)
  eden space 2138112K, 100% used [0x0000000715580000,0x0000000797d80000,0x0000000797d80000)
  from space 189440K, 0% used [0x00000007a3a80000,0x00000007a3a80000,0x00000007af380000)
  to   space 191488K, 0% used [0x0000000797d80000,0x0000000797d80000,0x00000007a3880000)
 ParOldGen       total 484352K, used 100119K [0x00000005c0000000, 0x00000005dd900000, 0x0000000715580000)
  object space 484352K, 20% used [0x00000005c0000000,0x00000005c61c5ea0,0x00000005dd900000)
 Metaspace       used 191163K, capacity 195762K, committed 196120K, reserved 1220608K
  class space    used 24973K, capacity 25852K, committed 25896K, reserved 1048576K
Event: 607.758 GC heap after
Heap after GC invocations=37 (full 8):
 PSYoungGen      total 2329600K, used 191487K [0x0000000715580000, 0x00000007c0000000, 0x00000007c0000000)
  eden space 2138112K, 0% used [0x0000000715580000,0x0000000715580000,0x0000000797d80000)
  from space 191488K, 99% used [0x0000000797d80000,0x00000007a387ff58,0x00000007a3880000)
  to   space 231936K, 0% used [0x00000007b1d80000,0x00000007b1d80000,0x00000007c0000000)
 ParOldGen       total 484352K, used 117913K [0x00000005c0000000, 0x00000005dd900000, 0x0000000715580000)
  object space 484352K, 24% used [0x00000005c0000000,0x00000005c73266e8,0x00000005dd900000)
 Metaspace       used 191163K, capacity 195762K, committed 196120K, reserved 1220608K
  class space    used 24973K, capacity 25852K, committed 25896K, reserved 1048576K
}
Event: 866.943 GC heap before
{Heap before GC invocations=38 (full 8):
 PSYoungGen      total 2329600K, used 2329392K [0x0000000715580000, 0x00000007c0000000, 0x00000007c0000000)
  eden space 2138112K, 99% used [0x0000000715580000,0x0000000797d4c368,0x0000000797d80000)
  from space 191488K, 99% used [0x0000000797d80000,0x00000007a387ff58,0x00000007a3880000)
  to   space 231936K, 0% used [0x00000007b1d80000,0x00000007b1d80000,0x00000007c0000000)
 ParOldGen       total 484352K, used 117913K [0x00000005c0000000, 0x00000005dd900000, 0x0000000715580000)
  object space 484352K, 24% used [0x00000005c0000000,0x00000005c73266e8,0x00000005dd900000)
 Metaspace       used 207634K, capacity 212514K, committed 212632K, reserved 1232896K
  class space    used 27343K, capacity 28302K, committed 28328K, reserved 1048576K
Event: 866.977 GC heap after
Heap after GC invocations=38 (full 8):
 PSYoungGen      total 2575360K, used 59140K [0x0000000715580000, 0x00000007c0000000, 0x00000007c0000000)
  eden space 2343424K, 0% used [0x0000000715580000,0x0000000715580000,0x00000007a4600000)
  from space 231936K, 25% used [0x00000007b1d80000,0x00000007b57413d0,0x00000007c0000000)
  to   space 220672K, 0% used [0x00000007a4600000,0x00000007a4600000,0x00000007b1d80000)
 ParOldGen       total 484352K, used 117929K [0x00000005c0000000, 0x00000005dd900000, 0x0000000715580000)
  object space 484352K, 24% used [0x00000005c0000000,0x00000005c732a700,0x00000005dd900000)
 Metaspace       used 207634K, capacity 212514K, committed 212632K, reserved 1232896K
  class space    used 27343K, capacity 28302K, committed 28328K, reserved 1048576K
}
Event: 1033.094 GC heap before
{Heap before GC invocations=39 (full 8):
 PSYoungGen      total 2575360K, used 1644340K [0x0000000715580000, 0x00000007c0000000, 0x00000007c0000000)
  eden space 2343424K, 67% used [0x0000000715580000,0x000000077618be78,0x00000007a4600000)
  from space 231936K, 25% used [0x00000007b1d80000,0x00000007b57413d0,0x00000007c0000000)
  to   space 220672K, 0% used [0x00000007a4600000,0x00000007a4600000,0x00000007b1d80000)
 ParOldGen       total 484352K, used 117929K [0x00000005c0000000, 0x00000005dd900000, 0x0000000715580000)
  object space 484352K, 24% used [0x00000005c0000000,0x00000005c732a700,0x00000005dd900000)
 Metaspace       used 221314K, capacity 226352K, committed 226712K, reserved 1247232K
  class space    used 28834K, capacity 29803K, committed 29864K, reserved 1048576K
Event: 1033.120 GC heap after
Heap after GC invocations=39 (full 8):
 PSYoungGen      total 2564096K, used 33610K [0x0000000715580000, 0x00000007bff00000, 0x00000007c0000000)
  eden space 2343424K, 0% used [0x0000000715580000,0x0000000715580000,0x00000007a4600000)
  from space 220672K, 15% used [0x00000007a4600000,0x00000007a66d2928,0x00000007b1d80000)
  to   space 214016K, 0% used [0x00000007b2e00000,0x00000007b2e00000,0x00000007bff00000)
 ParOldGen       total 484352K, used 117945K [0x00000005c0000000, 0x00000005dd900000, 0x0000000715580000)
  object space 484352K, 24% used [0x00000005c0000000,0x00000005c732e700,0x00000005dd900000)
 Metaspace       used 221314K, capacity 226352K, committed 226712K, reserved 1247232K
  class space    used 28834K, capacity 29803K, committed 29864K, reserved 1048576K
}
Event: 1033.120 GC heap before
{Heap before GC invocations=40 (full 9):
 PSYoungGen      total 2564096K, used 33610K [0x0000000715580000, 0x00000007bff00000, 0x00000007c0000000)
  eden space 2343424K, 0% used [0x0000000715580000,0x0000000715580000,0x00000007a4600000)
  from space 220672K, 15% used [0x00000007a4600000,0x00000007a66d2928,0x00000007b1d80000)
  to   space 214016K, 0% used [0x00000007b2e00000,0x00000007b2e00000,0x00000007bff00000)
 ParOldGen       total 484352K, used 117945K [0x00000005c0000000, 0x00000005dd900000, 0x0000000715580000)
  object space 484352K, 24% used [0x00000005c0000000,0x00000005c732e700,0x00000005dd900000)
 Metaspace       used 221314K, capacity 226352K, committed 226712K, reserved 1247232K
  class space    used 28834K, capacity 29803K, committed 29864K, reserved 1048576K
Event: 1033.578 GC heap after
Heap after GC invocations=40 (full 9):
 PSYoungGen      total 2564096K, used 0K [0x0000000715580000, 0x00000007bff00000, 0x00000007c0000000)
  eden space 2343424K, 0% used [0x0000000715580000,0x0000000715580000,0x00000007a4600000)
  from space 220672K, 0% used [0x00000007a4600000,0x00000007a4600000,0x00000007b1d80000)
  to   space 214016K, 0% used [0x00000007b2e00000,0x00000007b2e00000,0x00000007bff00000)
 ParOldGen       total 484352K, used 128116K [0x00000005c0000000, 0x00000005dd900000, 0x0000000715580000)
  object space 484352K, 26% used [0x00000005c0000000,0x00000005c7d1d3d8,0x00000005dd900000)
 Metaspace       used 220472K, capacity 225274K, committed 226712K, reserved 1247232K
  class space    used 28710K, capacity 29589K, committed 29864K, reserved 1048576K
}
Event: 1037.424 GC heap before
{Heap before GC invocations=41 (full 9):
 PSYoungGen      total 2564096K, used 2343424K [0x0000000715580000, 0x00000007bff00000, 0x00000007c0000000)
  eden space 2343424K, 100% used [0x0000000715580000,0x00000007a4600000,0x00000007a4600000)
  from space 220672K, 0% used [0x00000007a4600000,0x00000007a4600000,0x00000007b1d80000)
  to   space 214016K, 0% used [0x00000007b2e00000,0x00000007b2e00000,0x00000007bff00000)
 ParOldGen       total 484352K, used 128116K [0x00000005c0000000, 0x00000005dd900000, 0x0000000715580000)
  object space 484352K, 26% used [0x00000005c0000000,0x00000005c7d1d3d8,0x00000005dd900000)
 Metaspace       used 224532K, capacity 229462K, committed 230168K, reserved 1249280K
  class space    used 29197K, capacity 30089K, committed 30248K, reserved 1048576K
Event: 1037.574 GC heap after
Heap after GC invocations=41 (full 9):
 PSYoungGen      total 2509312K, used 209571K [0x0000000715580000, 0x00000007c0000000, 0x00000007c0000000)
  eden space 2295296K, 0% used [0x0000000715580000,0x0000000715580000,0x00000007a1700000)
  from space 214016K, 97% used [0x00000007b2e00000,0x00000007bfaa8d38,0x00000007bff00000)
  to   space 250368K, 0% used [0x00000007a1700000,0x00000007a1700000,0x00000007b0b80000)
 ParOldGen       total 484352K, used 128188K [0x00000005c0000000, 0x00000005dd900000, 0x0000000715580000)
  object space 484352K, 26% used [0x00000005c0000000,0x00000005c7d2f3e8,0x00000005dd900000)
 Metaspace       used 224532K, capacity 229462K, committed 230168K, reserved 1249280K
  class space    used 29197K, capacity 30089K, committed 30248K, reserved 1048576K
}

