# JRE version: Java(TM) SE Runtime Environment (8.0_281-b09) (build 1.8.0_281-b09)
# Java VM: Java HotSpot(TM) 64-Bit Server VM (25.281-b09 mixed mode bsd-amd64 compressed oops)
Heap:
 PSYoungGen      total 1671168K, used 157186K [0x0000000715580000, 0x000000078e200000, 0x00000007c0000000)
  eden space 1563136K, 10% used [0x0000000715580000,0x000000071ef00ba0,0x0000000774c00000)
  from space 108032K, 0% used [0x0000000777e80000,0x0000000777e80000,0x000000077e800000)
  to   space 207872K, 0% used [0x0000000781700000,0x0000000781700000,0x000000078e200000)
 ParOldGen       total 437248K, used 165365K [0x00000005c0000000, 0x00000005dab00000, 0x0000000715580000)
  object space 437248K, 37% used [0x00000005c0000000,0x00000005ca17d5b8,0x00000005dab00000)
 Metaspace       used 167636K, capacity 172048K, committed 173608K, reserved 1200128K
  class space    used 21011K, capacity 21789K, committed 22056K, reserved 1048576K
GC Heap History (10 events):
Event: 2919.656 GC heap before
{Heap before GC invocations=31 (full 5):
 PSYoungGen      total 1911296K, used 1911166K [0x0000000715580000, 0x0000000799d00000, 0x00000007c0000000)
  eden space 1778176K, 100% used [0x0000000715580000,0x0000000781e00000,0x0000000781e00000)
  from space 133120K, 99% used [0x000000078a100000,0x00000007922dfa70,0x0000000792300000)
  to   space 124928K, 0% used [0x0000000792300000,0x0000000792300000,0x0000000799d00000)
 ParOldGen       total 437248K, used 201884K [0x00000005c0000000, 0x00000005dab00000, 0x0000000715580000)
  object space 437248K, 46% used [0x00000005c0000000,0x00000005cc527300,0x00000005dab00000)
 Metaspace       used 150359K, capacity 154514K, committed 154536K, reserved 1183744K
  class space    used 19297K, capacity 20128K, committed 20136K, reserved 1048576K
Event: 2919.688 GC heap after
Heap after GC invocations=31 (full 5):
 PSYoungGen      total 1817600K, used 114399K [0x0000000715580000, 0x0000000799300000, 0x00000007c0000000)
  eden space 1702912K, 0% used [0x0000000715580000,0x0000000715580000,0x000000077d480000)
  from space 114688K, 99% used [0x0000000792300000,0x00000007992b7cb0,0x0000000799300000)
  to   space 196608K, 0% used [0x0000000781300000,0x0000000781300000,0x000000078d300000)
 ParOldGen       total 437248K, used 201892K [0x00000005c0000000, 0x00000005dab00000, 0x0000000715580000)
  object space 437248K, 46% used [0x00000005c0000000,0x00000005cc529300,0x00000005dab00000)
 Metaspace       used 150359K, capacity 154514K, committed 154536K, reserved 1183744K
  class space    used 19297K, capacity 20128K, committed 20136K, reserved 1048576K
}
Event: 2955.793 GC heap before
{Heap before GC invocations=32 (full 5):
 PSYoungGen      total 1817600K, used 1817311K [0x0000000715580000, 0x0000000799300000, 0x00000007c0000000)
  eden space 1702912K, 100% used [0x0000000715580000,0x000000077d480000,0x000000077d480000)
  from space 114688K, 99% used [0x0000000792300000,0x00000007992b7cb0,0x0000000799300000)
  to   space 196608K, 0% used [0x0000000781300000,0x0000000781300000,0x000000078d300000)
 ParOldGen       total 437248K, used 201892K [0x00000005c0000000, 0x00000005dab00000, 0x0000000715580000)
  object space 437248K, 46% used [0x00000005c0000000,0x00000005cc529300,0x00000005dab00000)
 Metaspace       used 150862K, capacity 155204K, committed 155432K, reserved 1183744K
  class space    used 19328K, capacity 20171K, committed 20264K, reserved 1048576K
Event: 2955.839 GC heap after
Heap after GC invocations=32 (full 5):
 PSYoungGen      total 1772544K, used 141205K [0x0000000715580000, 0x0000000792380000, 0x00000007c0000000)
  eden space 1631232K, 0% used [0x0000000715580000,0x0000000715580000,0x0000000778e80000)
  from space 141312K, 99% used [0x0000000781300000,0x0000000789ce5500,0x0000000789d00000)
  to   space 137728K, 0% used [0x0000000789d00000,0x0000000789d00000,0x0000000792380000)
 ParOldGen       total 437248K, used 201900K [0x00000005c0000000, 0x00000005dab00000, 0x0000000715580000)
  object space 437248K, 46% used [0x00000005c0000000,0x00000005cc52b300,0x00000005dab00000)
 Metaspace       used 150862K, capacity 155204K, committed 155432K, reserved 1183744K
  class space    used 19328K, capacity 20171K, committed 20264K, reserved 1048576K
}
Event: 3193.908 GC heap before
{Heap before GC invocations=33 (full 5):
 PSYoungGen      total 1772544K, used 1772437K [0x0000000715580000, 0x0000000792380000, 0x00000007c0000000)
  eden space 1631232K, 100% used [0x0000000715580000,0x0000000778e80000,0x0000000778e80000)
  from space 141312K, 99% used [0x0000000781300000,0x0000000789ce5500,0x0000000789d00000)
  to   space 137728K, 0% used [0x0000000789d00000,0x0000000789d00000,0x0000000792380000)
 ParOldGen       total 437248K, used 201900K [0x00000005c0000000, 0x00000005dab00000, 0x0000000715580000)
  object space 437248K, 46% used [0x00000005c0000000,0x00000005cc52b300,0x00000005dab00000)
 Metaspace       used 151089K, capacity 155414K, committed 155688K, reserved 1185792K
  class space    used 19345K, capacity 20172K, committed 20264K, reserved 1048576K
Event: 3193.945 GC heap after
Heap after GC invocations=33 (full 5):
 PSYoungGen      total 1700864K, used 137700K [0x0000000715580000, 0x0000000792380000, 0x00000007c0000000)
  eden space 1563136K, 0% used [0x0000000715580000,0x0000000715580000,0x0000000774c00000)
  from space 137728K, 99% used [0x0000000789d00000,0x00000007923791b8,0x0000000792380000)
  to   space 215552K, 0% used [0x0000000777e80000,0x0000000777e80000,0x0000000785100000)
 ParOldGen       total 437248K, used 210628K [0x00000005c0000000, 0x00000005dab00000, 0x0000000715580000)
  object space 437248K, 48% used [0x00000005c0000000,0x00000005ccdb1330,0x00000005dab00000)
 Metaspace       used 151089K, capacity 155414K, committed 155688K, reserved 1185792K
  class space    used 19345K, capacity 20172K, committed 20264K, reserved 1048576K
}
Event: 9219.633 GC heap before
{Heap before GC invocations=34 (full 5):
 PSYoungGen      total 1700864K, used 1308742K [0x0000000715580000, 0x0000000792380000, 0x00000007c0000000)
  eden space 1563136K, 74% used [0x0000000715580000,0x000000075cd188a8,0x0000000774c00000)
  from space 137728K, 99% used [0x0000000789d00000,0x00000007923791b8,0x0000000792380000)
  to   space 215552K, 0% used [0x0000000777e80000,0x0000000777e80000,0x0000000785100000)
 ParOldGen       total 437248K, used 210628K [0x00000005c0000000, 0x00000005dab00000, 0x0000000715580000)
  object space 437248K, 48% used [0x00000005c0000000,0x00000005ccdb1330,0x00000005dab00000)
 Metaspace       used 168750K, capacity 173430K, committed 173608K, reserved 1200128K
  class space    used 21167K, capacity 22018K, committed 22056K, reserved 1048576K
Event: 9219.694 GC heap after
Heap after GC invocations=34 (full 5):
 PSYoungGen      total 1671168K, used 107951K [0x0000000715580000, 0x000000078e200000, 0x00000007c0000000)
  eden space 1563136K, 0% used [0x0000000715580000,0x0000000715580000,0x0000000774c00000)
  from space 108032K, 99% used [0x0000000777e80000,0x000000077e7ebc20,0x000000077e800000)
  to   space 207872K, 0% used [0x0000000781700000,0x0000000781700000,0x000000078e200000)
 ParOldGen       total 437248K, used 210644K [0x00000005c0000000, 0x00000005dab00000, 0x0000000715580000)
  object space 437248K, 48% used [0x00000005c0000000,0x00000005ccdb5330,0x00000005dab00000)
 Metaspace       used 168750K, capacity 173430K, committed 173608K, reserved 1200128K
  class space    used 21167K, capacity 22018K, committed 22056K, reserved 1048576K
}
Event: 9219.694 GC heap before
{Heap before GC invocations=35 (full 6):
 PSYoungGen      total 1671168K, used 107951K [0x0000000715580000, 0x000000078e200000, 0x00000007c0000000)
  eden space 1563136K, 0% used [0x0000000715580000,0x0000000715580000,0x0000000774c00000)
  from space 108032K, 99% used [0x0000000777e80000,0x000000077e7ebc20,0x000000077e800000)
  to   space 207872K, 0% used [0x0000000781700000,0x0000000781700000,0x000000078e200000)
 ParOldGen       total 437248K, used 210644K [0x00000005c0000000, 0x00000005dab00000, 0x0000000715580000)
  object space 437248K, 48% used [0x00000005c0000000,0x00000005ccdb5330,0x00000005dab00000)
 Metaspace       used 168750K, capacity 173430K, committed 173608K, reserved 1200128K
  class space    used 21167K, capacity 22018K, committed 22056K, reserved 1048576K
Event: 9220.180 GC heap after
Heap after GC invocations=35 (full 6):
 PSYoungGen      total 1671168K, used 0K [0x0000000715580000, 0x000000078e200000, 0x00000007c0000000)
  eden space 1563136K, 0% used [0x0000000715580000,0x0000000715580000,0x0000000774c00000)
  from space 108032K, 0% used [0x0000000777e80000,0x0000000777e80000,0x000000077e800000)
  to   space 207872K, 0% used [0x0000000781700000,0x0000000781700000,0x000000078e200000)
 ParOldGen       total 437248K, used 165365K [0x00000005c0000000, 0x00000005dab00000, 0x0000000715580000)
  object space 437248K, 37% used [0x00000005c0000000,0x00000005ca17d5b8,0x00000005dab00000)
 Metaspace       used 167626K, capacity 172036K, committed 173608K, reserved 1200128K
  class space    used 21010K, capacity 21787K, committed 22056K, reserved 1048576K
}

